<?xml version="1.0" encoding="UTF-8"?>
<testsuite xmlns:xsi="http://www.w3.org/2001/XMLSchema-instance" xsi:noNamespaceSchemaLocation="https://maven.apache.org/surefire/maven-surefire-plugin/xsd/surefire-test-report-3.0.xsd" version="3.0" name="com.hotel.SmokeTest" time="5.52" tests="3" errors="0" skipped="0" failures="0">
  <properties>
[...]
</properties>
  <testcase name="basicMathTest" classname="com.hotel.SmokeTest" time="0.022">
    <system-out><![CDATA[11:34:42.208 [main] INFO org.springframework.test.context.support.AnnotationConfigContextLoaderUtils -- Could not detect default configuration classes for test class [com.hotel.SmokeTest]: SmokeTest does not declare any static, non-private, non-final, nested classes annotated with @Configuration.
11:34:42.310 [main] INFO org.springframework.boot.test.context.SpringBootTestContextBootstrapper -- Found @SpringBootConfiguration com.hotel.HotelBookingApplication for test class com.hotel.SmokeTest

  .   ____          _            __ _ _
 /\\ / ___'_ __ _ _(_)_ __  __ _ \ \ \ \
( ( )\___ | '_ | '_| | '_ \/ _` | \ \ \ \
 \\/  ___)| |_)| | | | | || (_| |  ) ) ) )
  '  |____| .__|_| |_|_| |_\__, | / / / /
 =========|_|==============|___/=/_/_/_/

 :: Spring Boot ::                (v3.3.5)

2025-11-10 11:34:42 - com.hotel.SmokeTest - Starting SmokeTest using Java 21.0.8 with PID 74947 (started by saifudheen in /home/saifudheen/Projects/Hotel-Booking-System)
2025-11-10 11:34:42 - com.hotel.SmokeTest - The following 1 profile is active: "test"
2025-11-10 11:34:44 - com.zaxxer.hikari.HikariDataSource - HikariPool-1 - Starting...
2025-11-10 11:34:44 - com.zaxxer.hikari.pool.HikariPool - HikariPool-1 - Added connection conn0: url=jdbc:h2:mem:testdb user=SA
2025-11-10 11:34:44 - com.zaxxer.hikari.HikariDataSource - HikariPool-1 - Start completed.
2025-11-10 11:34:44 - org.hibernate.orm.deprecation - HHH90000025: H2Dialect does not need to be specified explicitly using 'hibernate.dialect' (remove the property setting and it will be selected by default)
2025-11-10 11:34:45 - org.hibernate.SQL - 
    drop table if exists bookings cascade 
Hibernate: 
    drop table if exists bookings cascade 
2025-11-10 11:34:45 - org.hibernate.SQL - 
    drop table if exists hotels cascade 
Hibernate: 
    drop table if exists hotels cascade 
2025-11-10 11:34:45 - org.hibernate.SQL - 
    drop table if exists reviews cascade 
Hibernate: 
    drop table if exists reviews cascade 
2025-11-10 11:34:45 - org.hibernate.SQL - 
    drop table if exists rooms cascade 
Hibernate: 
    drop table if exists rooms cascade 
2025-11-10 11:34:45 - org.hibernate.SQL - 
    drop table if exists users cascade 
Hibernate: 
    drop table if exists users cascade 
2025-11-10 11:34:45 - org.hibernate.SQL - 
    create table bookings (
        check_in_date date not null,
        check_out_date date not null,
        guests integer not null,
        total_price float(53) not null,
        booking_date timestamp(6),
        hotel_id bigint,
        id bigint generated by default as identity,
        room_id bigint,
        user_id bigint,
        special_requests varchar(255),
        status varchar(255),
        primary key (id)
    )
Hibernate: 
    create table bookings (
        check_in_date date not null,
        check_out_date date not null,
        guests integer not null,
        total_price float(53) not null,
        booking_date timestamp(6),
        hotel_id bigint,
        id bigint generated by default as identity,
        room_id bigint,
        user_id bigint,
        special_requests varchar(255),
        status varchar(255),
        primary key (id)
    )
2025-11-10 11:34:45 - org.hibernate.SQL - 
    create table hotels (
        rating float(53),
        star_rating integer,
        id bigint generated by default as identity,
        description varchar(1000),
        address varchar(255) not null,
        city varchar(255),
        country varchar(255),
        email varchar(255),
        image_url varchar(255),
        name varchar(255) not null,
        phone varchar(255),
        primary key (id)
    )
Hibernate: 
    create table hotels (
        rating float(53),
        star_rating integer,
        id bigint generated by default as identity,
        description varchar(1000),
        address varchar(255) not null,
        city varchar(255),
        country varchar(255),
        email varchar(255),
        image_url varchar(255),
        name varchar(255) not null,
        phone varchar(255),
        primary key (id)
    )
2025-11-10 11:34:45 - org.hibernate.SQL - 
    create table reviews (
        rating integer not null,
        booking_id bigint,
        hotel_id bigint,
        id bigint generated by default as identity,
        review_date timestamp(6),
        user_id bigint,
        comment varchar(255),
        primary key (id)
    )
Hibernate: 
    create table reviews (
        rating integer not null,
        booking_id bigint,
        hotel_id bigint,
        id bigint generated by default as identity,
        review_date timestamp(6),
        user_id bigint,
        comment varchar(255),
        primary key (id)
    )
2025-11-10 11:34:45 - org.hibernate.SQL - 
    create table rooms (
        available boolean,
        capacity integer,
        price float(53) not null,
        hotel_id bigint,
        id bigint generated by default as identity,
        amenities varchar(255),
        description varchar(255),
        image_url varchar(255),
        room_number varchar(255) not null,
        type varchar(255) not null,
        primary key (id)
    )
Hibernate: 
    create table rooms (
        available boolean,
        capacity integer,
        price float(53) not null,
        hotel_id bigint,
        id bigint generated by default as identity,
        amenities varchar(255),
        description varchar(255),
        image_url varchar(255),
        room_number varchar(255) not null,
        type varchar(255) not null,
        primary key (id)
    )
2025-11-10 11:34:45 - org.hibernate.SQL - 
    create table users (
        created_at timestamp(6),
        id bigint generated by default as identity,
        updated_at timestamp(6),
        address varchar(255),
        email varchar(255) not null unique,
        first_name varchar(255),
        last_name varchar(255),
        password varchar(255) not null,
        phone varchar(255),
        username varchar(255) not null unique,
        primary key (id)
    )
Hibernate: 
    create table users (
        created_at timestamp(6),
        id bigint generated by default as identity,
        updated_at timestamp(6),
        address varchar(255),
        email varchar(255) not null unique,
        first_name varchar(255),
        last_name varchar(255),
        password varchar(255) not null,
        phone varchar(255),
        username varchar(255) not null unique,
        primary key (id)
    )
2025-11-10 11:34:45 - org.hibernate.SQL - 
    alter table if exists bookings 
       add constraint FK7y09f5lun38jnooaw2hch0ke9 
       foreign key (hotel_id) 
       references hotels
Hibernate: 
    alter table if exists bookings 
       add constraint FK7y09f5lun38jnooaw2hch0ke9 
       foreign key (hotel_id) 
       references hotels
2025-11-10 11:34:45 - org.hibernate.SQL - 
    alter table if exists bookings 
       add constraint FKrgoycol97o21kpjodw1qox4nc 
       foreign key (room_id) 
       references rooms
Hibernate: 
    alter table if exists bookings 
       add constraint FKrgoycol97o21kpjodw1qox4nc 
       foreign key (room_id) 
       references rooms
2025-11-10 11:34:45 - org.hibernate.SQL - 
    alter table if exists bookings 
       add constraint FKeyog2oic85xg7hsu2je2lx3s6 
       foreign key (user_id) 
       references users
Hibernate: 
    alter table if exists bookings 
       add constraint FKeyog2oic85xg7hsu2je2lx3s6 
       foreign key (user_id) 
       references users
2025-11-10 11:34:45 - org.hibernate.SQL - 
    alter table if exists reviews 
       add constraint FK28an517hrxtt2bsg93uefugrm 
       foreign key (booking_id) 
       references bookings
Hibernate: 
    alter table if exists reviews 
       add constraint FK28an517hrxtt2bsg93uefugrm 
       foreign key (booking_id) 
       references bookings
2025-11-10 11:34:45 - org.hibernate.SQL - 
    alter table if exists reviews 
       add constraint FKb9igk5exfb4knqklcvka6cdhx 
       foreign key (hotel_id) 
       references hotels
Hibernate: 
    alter table if exists reviews 
       add constraint FKb9igk5exfb4knqklcvka6cdhx 
       foreign key (hotel_id) 
       references hotels
2025-11-10 11:34:45 - org.hibernate.SQL - 
    alter table if exists reviews 
       add constraint FKcgy7qjc1r99dp117y9en6lxye 
       foreign key (user_id) 
       references users
Hibernate: 
    alter table if exists reviews 
       add constraint FKcgy7qjc1r99dp117y9en6lxye 
       foreign key (user_id) 
       references users
2025-11-10 11:34:45 - org.hibernate.SQL - 
    alter table if exists rooms 
       add constraint FKp5lufxy0ghq53ugm93hdc941k 
       foreign key (hotel_id) 
       references hotels
Hibernate: 
    alter table if exists rooms 
       add constraint FKp5lufxy0ghq53ugm93hdc941k 
       foreign key (hotel_id) 
       references hotels
2025-11-10 11:34:47 - com.hotel.SmokeTest - Started SmokeTest in 4.723 seconds (process running for 7.47)
2025-11-10 11:34:47 - com.hotel.config.DataInitializer - === DataInitializer started ===
2025-11-10 11:34:47 - org.hibernate.SQL - 
    select
        count(*) 
    from
        users u1_0
Hibernate: 
    select
        count(*) 
    from
        users u1_0
2025-11-10 11:34:47 - com.hotel.config.DataInitializer - Creating sample users...
2025-11-10 11:34:47 - org.hibernate.SQL - 
    insert 
    into
        users
        (address, created_at, email, first_name, last_name, password, phone, updated_at, username, id) 
    values
        (?, ?, ?, ?, ?, ?, ?, ?, ?, default)
Hibernate: 
    insert 
    into
        users
        (address, created_at, email, first_name, last_name, password, phone, updated_at, username, id) 
    values
        (?, ?, ?, ?, ?, ?, ?, ?, ?, default)
2025-11-10 11:34:47 - org.hibernate.SQL - 
    insert 
    into
        users
        (address, created_at, email, first_name, last_name, password, phone, updated_at, username, id) 
    values
        (?, ?, ?, ?, ?, ?, ?, ?, ?, default)
Hibernate: 
    insert 
    into
        users
        (address, created_at, email, first_name, last_name, password, phone, updated_at, username, id) 
    values
        (?, ?, ?, ?, ?, ?, ?, ?, ?, default)
2025-11-10 11:34:47 - org.hibernate.SQL - 
    insert 
    into
        users
        (address, created_at, email, first_name, last_name, password, phone, updated_at, username, id) 
    values
        (?, ?, ?, ?, ?, ?, ?, ?, ?, default)
Hibernate: 
    insert 
    into
        users
        (address, created_at, email, first_name, last_name, password, phone, updated_at, username, id) 
    values
        (?, ?, ?, ?, ?, ?, ?, ?, ?, default)
2025-11-10 11:34:47 - org.hibernate.SQL - 
    select
        count(*) 
    from
        users u1_0
Hibernate: 
    select
        count(*) 
    from
        users u1_0
2025-11-10 11:34:47 - com.hotel.config.DataInitializer - Created 3 users
2025-11-10 11:34:47 - org.hibernate.SQL - 
    select
        count(*) 
    from
        hotels h1_0
Hibernate: 
    select
        count(*) 
    from
        hotels h1_0
2025-11-10 11:34:47 - com.hotel.config.DataInitializer - Creating sample hotels...
2025-11-10 11:34:47 - org.hibernate.SQL - 
    insert 
    into
        hotels
        (address, city, country, description, email, image_url, name, phone, rating, star_rating, id) 
    values
        (?, ?, ?, ?, ?, ?, ?, ?, ?, ?, default)
Hibernate: 
    insert 
    into
        hotels
        (address, city, country, description, email, image_url, name, phone, rating, star_rating, id) 
    values
        (?, ?, ?, ?, ?, ?, ?, ?, ?, ?, default)
2025-11-10 11:34:47 - org.hibernate.SQL - 
    insert 
    into
        hotels
        (address, city, country, description, email, image_url, name, phone, rating, star_rating, id) 
    values
        (?, ?, ?, ?, ?, ?, ?, ?, ?, ?, default)
Hibernate: 
    insert 
    into
        hotels
        (address, city, country, description, email, image_url, name, phone, rating, star_rating, id) 
    values
        (?, ?, ?, ?, ?, ?, ?, ?, ?, ?, default)
2025-11-10 11:34:47 - org.hibernate.SQL - 
    insert 
    into
        hotels
        (address, city, country, description, email, image_url, name, phone, rating, star_rating, id) 
    values
        (?, ?, ?, ?, ?, ?, ?, ?, ?, ?, default)
Hibernate: 
    insert 
    into
        hotels
        (address, city, country, description, email, image_url, name, phone, rating, star_rating, id) 
    values
        (?, ?, ?, ?, ?, ?, ?, ?, ?, ?, default)
2025-11-10 11:34:47 - org.hibernate.SQL - 
    insert 
    into
        hotels
        (address, city, country, description, email, image_url, name, phone, rating, star_rating, id) 
    values
        (?, ?, ?, ?, ?, ?, ?, ?, ?, ?, default)
Hibernate: 
    insert 
    into
        hotels
        (address, city, country, description, email, image_url, name, phone, rating, star_rating, id) 
    values
        (?, ?, ?, ?, ?, ?, ?, ?, ?, ?, default)
2025-11-10 11:34:47 - org.hibernate.SQL - 
    insert 
    into
        hotels
        (address, city, country, description, email, image_url, name, phone, rating, star_rating, id) 
    values
        (?, ?, ?, ?, ?, ?, ?, ?, ?, ?, default)
Hibernate: 
    insert 
    into
        hotels
        (address, city, country, description, email, image_url, name, phone, rating, star_rating, id) 
    values
        (?, ?, ?, ?, ?, ?, ?, ?, ?, ?, default)
2025-11-10 11:34:47 - org.hibernate.SQL - 
    insert 
    into
        hotels
        (address, city, country, description, email, image_url, name, phone, rating, star_rating, id) 
    values
        (?, ?, ?, ?, ?, ?, ?, ?, ?, ?, default)
Hibernate: 
    insert 
    into
        hotels
        (address, city, country, description, email, image_url, name, phone, rating, star_rating, id) 
    values
        (?, ?, ?, ?, ?, ?, ?, ?, ?, ?, default)
2025-11-10 11:34:47 - org.hibernate.SQL - 
    insert 
    into
        hotels
        (address, city, country, description, email, image_url, name, phone, rating, star_rating, id) 
    values
        (?, ?, ?, ?, ?, ?, ?, ?, ?, ?, default)
Hibernate: 
    insert 
    into
        hotels
        (address, city, country, description, email, image_url, name, phone, rating, star_rating, id) 
    values
        (?, ?, ?, ?, ?, ?, ?, ?, ?, ?, default)
2025-11-10 11:34:47 - org.hibernate.SQL - 
    insert 
    into
        hotels
        (address, city, country, description, email, image_url, name, phone, rating, star_rating, id) 
    values
        (?, ?, ?, ?, ?, ?, ?, ?, ?, ?, default)
Hibernate: 
    insert 
    into
        hotels
        (address, city, country, description, email, image_url, name, phone, rating, star_rating, id) 
    values
        (?, ?, ?, ?, ?, ?, ?, ?, ?, ?, default)
2025-11-10 11:34:47 - org.hibernate.SQL - 
    insert 
    into
        hotels
        (address, city, country, description, email, image_url, name, phone, rating, star_rating, id) 
    values
        (?, ?, ?, ?, ?, ?, ?, ?, ?, ?, default)
Hibernate: 
    insert 
    into
        hotels
        (address, city, country, description, email, image_url, name, phone, rating, star_rating, id) 
    values
        (?, ?, ?, ?, ?, ?, ?, ?, ?, ?, default)
2025-11-10 11:34:47 - org.hibernate.SQL - 
    insert 
    into
        hotels
        (address, city, country, description, email, image_url, name, phone, rating, star_rating, id) 
    values
        (?, ?, ?, ?, ?, ?, ?, ?, ?, ?, default)
Hibernate: 
    insert 
    into
        hotels
        (address, city, country, description, email, image_url, name, phone, rating, star_rating, id) 
    values
        (?, ?, ?, ?, ?, ?, ?, ?, ?, ?, default)
2025-11-10 11:34:47 - org.hibernate.SQL - 
    select
        count(*) 
    from
        hotels h1_0
Hibernate: 
    select
        count(*) 
    from
        hotels h1_0
2025-11-10 11:34:47 - com.hotel.config.DataInitializer - Successfully created 10 hotels
2025-11-10 11:34:47 - org.hibernate.SQL - 
    select
        count(*) 
    from
        rooms r1_0
Hibernate: 
    select
        count(*) 
    from
        rooms r1_0
2025-11-10 11:34:47 - com.hotel.config.DataInitializer - Creating rooms for hotels...
2025-11-10 11:34:47 - org.hibernate.SQL - 
    select
        h1_0.id,
        h1_0.address,
        h1_0.city,
        h1_0.country,
        h1_0.description,
        h1_0.email,
        h1_0.image_url,
        h1_0.name,
        h1_0.phone,
        h1_0.rating,
        h1_0.star_rating 
    from
        hotels h1_0
Hibernate: 
    select
        h1_0.id,
        h1_0.address,
        h1_0.city,
        h1_0.country,
        h1_0.description,
        h1_0.email,
        h1_0.image_url,
        h1_0.name,
        h1_0.phone,
        h1_0.rating,
        h1_0.star_rating 
    from
        hotels h1_0
2025-11-10 11:34:47 - com.hotel.config.DataInitializer - Found 10 hotels to create rooms for
2025-11-10 11:34:47 - com.hotel.config.DataInitializer - Creating rooms for hotel: Grand Marina Resort
2025-11-10 11:34:47 - org.hibernate.SQL - 
    insert 
    into
        rooms
        (amenities, available, capacity, description, hotel_id, image_url, price, room_number, type, id) 
    values
        (?, ?, ?, ?, ?, ?, ?, ?, ?, default)
Hibernate: 
    insert 
    into
        rooms
        (amenities, available, capacity, description, hotel_id, image_url, price, room_number, type, id) 
    values
        (?, ?, ?, ?, ?, ?, ?, ?, ?, default)
2025-11-10 11:34:47 - org.hibernate.SQL - 
    insert 
    into
        rooms
        (amenities, available, capacity, description, hotel_id, image_url, price, room_number, type, id) 
    values
        (?, ?, ?, ?, ?, ?, ?, ?, ?, default)
Hibernate: 
    insert 
    into
        rooms
        (amenities, available, capacity, description, hotel_id, image_url, price, room_number, type, id) 
    values
        (?, ?, ?, ?, ?, ?, ?, ?, ?, default)
2025-11-10 11:34:47 - org.hibernate.SQL - 
    insert 
    into
        rooms
        (amenities, available, capacity, description, hotel_id, image_url, price, room_number, type, id) 
    values
        (?, ?, ?, ?, ?, ?, ?, ?, ?, default)
Hibernate: 
    insert 
    into
        rooms
        (amenities, available, capacity, description, hotel_id, image_url, price, room_number, type, id) 
    values
        (?, ?, ?, ?, ?, ?, ?, ?, ?, default)
2025-11-10 11:34:47 - com.hotel.config.DataInitializer - Creating rooms for hotel: Metropolitan Suites
2025-11-10 11:34:47 - org.hibernate.SQL - 
    insert 
    into
        rooms
        (amenities, available, capacity, description, hotel_id, image_url, price, room_number, type, id) 
    values
        (?, ?, ?, ?, ?, ?, ?, ?, ?, default)
Hibernate: 
    insert 
    into
        rooms
        (amenities, available, capacity, description, hotel_id, image_url, price, room_number, type, id) 
    values
        (?, ?, ?, ?, ?, ?, ?, ?, ?, default)
2025-11-10 11:34:47 - org.hibernate.SQL - 
    insert 
    into
        rooms
        (amenities, available, capacity, description, hotel_id, image_url, price, room_number, type, id) 
    values
        (?, ?, ?, ?, ?, ?, ?, ?, ?, default)
Hibernate: 
    insert 
    into
        rooms
        (amenities, available, capacity, description, hotel_id, image_url, price, room_number, type, id) 
    values
        (?, ?, ?, ?, ?, ?, ?, ?, ?, default)
2025-11-10 11:34:47 - org.hibernate.SQL - 
    insert 
    into
        rooms
        (amenities, available, capacity, description, hotel_id, image_url, price, room_number, type, id) 
    values
        (?, ?, ?, ?, ?, ?, ?, ?, ?, default)
Hibernate: 
    insert 
    into
        rooms
        (amenities, available, capacity, description, hotel_id, image_url, price, room_number, type, id) 
    values
        (?, ?, ?, ?, ?, ?, ?, ?, ?, default)
2025-11-10 11:34:47 - com.hotel.config.DataInitializer - Creating rooms for hotel: Royal Plaza Hotel
2025-11-10 11:34:47 - org.hibernate.SQL - 
    insert 
    into
        rooms
        (amenities, available, capacity, description, hotel_id, image_url, price, room_number, type, id) 
    values
        (?, ?, ?, ?, ?, ?, ?, ?, ?, default)
Hibernate: 
    insert 
    into
        rooms
        (amenities, available, capacity, description, hotel_id, image_url, price, room_number, type, id) 
    values
        (?, ?, ?, ?, ?, ?, ?, ?, ?, default)
2025-11-10 11:34:47 - org.hibernate.SQL - 
    insert 
    into
        rooms
        (amenities, available, capacity, description, hotel_id, image_url, price, room_number, type, id) 
    values
        (?, ?, ?, ?, ?, ?, ?, ?, ?, default)
Hibernate: 
    insert 
    into
        rooms
        (amenities, available, capacity, description, hotel_id, image_url, price, room_number, type, id) 
    values
        (?, ?, ?, ?, ?, ?, ?, ?, ?, default)
2025-11-10 11:34:47 - org.hibernate.SQL - 
    insert 
    into
        rooms
        (amenities, available, capacity, description, hotel_id, image_url, price, room_number, type, id) 
    values
        (?, ?, ?, ?, ?, ?, ?, ?, ?, default)
Hibernate: 
    insert 
    into
        rooms
        (amenities, available, capacity, description, hotel_id, image_url, price, room_number, type, id) 
    values
        (?, ?, ?, ?, ?, ?, ?, ?, ?, default)
2025-11-10 11:34:47 - com.hotel.config.DataInitializer - Creating rooms for hotel: The Urban Boutique
2025-11-10 11:34:47 - org.hibernate.SQL - 
    insert 
    into
        rooms
        (amenities, available, capacity, description, hotel_id, image_url, price, room_number, type, id) 
    values
        (?, ?, ?, ?, ?, ?, ?, ?, ?, default)
Hibernate: 
    insert 
    into
        rooms
        (amenities, available, capacity, description, hotel_id, image_url, price, room_number, type, id) 
    values
        (?, ?, ?, ?, ?, ?, ?, ?, ?, default)
2025-11-10 11:34:47 - org.hibernate.SQL - 
    insert 
    into
        rooms
        (amenities, available, capacity, description, hotel_id, image_url, price, room_number, type, id) 
    values
        (?, ?, ?, ?, ?, ?, ?, ?, ?, default)
Hibernate: 
    insert 
    into
        rooms
        (amenities, available, capacity, description, hotel_id, image_url, price, room_number, type, id) 
    values
        (?, ?, ?, ?, ?, ?, ?, ?, ?, default)
2025-11-10 11:34:47 - org.hibernate.SQL - 
    insert 
    into
        rooms
        (amenities, available, capacity, description, hotel_id, image_url, price, room_number, type, id) 
    values
        (?, ?, ?, ?, ?, ?, ?, ?, ?, default)
Hibernate: 
    insert 
    into
        rooms
        (amenities, available, capacity, description, hotel_id, image_url, price, room_number, type, id) 
    values
        (?, ?, ?, ?, ?, ?, ?, ?, ?, default)
2025-11-10 11:34:47 - com.hotel.config.DataInitializer - Creating rooms for hotel: Oasis Desert Resort
2025-11-10 11:34:47 - org.hibernate.SQL - 
    insert 
    into
        rooms
        (amenities, available, capacity, description, hotel_id, image_url, price, room_number, type, id) 
    values
        (?, ?, ?, ?, ?, ?, ?, ?, ?, default)
Hibernate: 
    insert 
    into
        rooms
        (amenities, available, capacity, description, hotel_id, image_url, price, room_number, type, id) 
    values
        (?, ?, ?, ?, ?, ?, ?, ?, ?, default)
2025-11-10 11:34:47 - org.hibernate.SQL - 
    insert 
    into
        rooms
        (amenities, available, capacity, description, hotel_id, image_url, price, room_number, type, id) 
    values
        (?, ?, ?, ?, ?, ?, ?, ?, ?, default)
Hibernate: 
    insert 
    into
        rooms
        (amenities, available, capacity, description, hotel_id, image_url, price, room_number, type, id) 
    values
        (?, ?, ?, ?, ?, ?, ?, ?, ?, default)
2025-11-10 11:34:47 - org.hibernate.SQL - 
    insert 
    into
        rooms
        (amenities, available, capacity, description, hotel_id, image_url, price, room_number, type, id) 
    values
        (?, ?, ?, ?, ?, ?, ?, ?, ?, default)
Hibernate: 
    insert 
    into
        rooms
        (amenities, available, capacity, description, hotel_id, image_url, price, room_number, type, id) 
    values
        (?, ?, ?, ?, ?, ?, ?, ?, ?, default)
2025-11-10 11:34:47 - com.hotel.config.DataInitializer - Creating rooms for hotel: The Grand Heritage
2025-11-10 11:34:47 - org.hibernate.SQL - 
    insert 
    into
        rooms
        (amenities, available, capacity, description, hotel_id, image_url, price, room_number, type, id) 
    values
        (?, ?, ?, ?, ?, ?, ?, ?, ?, default)
Hibernate: 
    insert 
    into
        rooms
        (amenities, available, capacity, description, hotel_id, image_url, price, room_number, type, id) 
    values
        (?, ?, ?, ?, ?, ?, ?, ?, ?, default)
2025-11-10 11:34:47 - org.hibernate.SQL - 
    insert 
    into
        rooms
        (amenities, available, capacity, description, hotel_id, image_url, price, room_number, type, id) 
    values
        (?, ?, ?, ?, ?, ?, ?, ?, ?, default)
Hibernate: 
    insert 
    into
        rooms
        (amenities, available, capacity, description, hotel_id, image_url, price, room_number, type, id) 
    values
        (?, ?, ?, ?, ?, ?, ?, ?, ?, default)
2025-11-10 11:34:47 - org.hibernate.SQL - 
    insert 
    into
        rooms
        (amenities, available, capacity, description, hotel_id, image_url, price, room_number, type, id) 
    values
        (?, ?, ?, ?, ?, ?, ?, ?, ?, default)
Hibernate: 
    insert 
    into
        rooms
        (amenities, available, capacity, description, hotel_id, image_url, price, room_number, type, id) 
    values
        (?, ?, ?, ?, ?, ?, ?, ?, ?, default)
2025-11-10 11:34:47 - com.hotel.config.DataInitializer - Creating rooms for hotel: Paradise Beach Resort
2025-11-10 11:34:47 - org.hibernate.SQL - 
    insert 
    into
        rooms
        (amenities, available, capacity, description, hotel_id, image_url, price, room_number, type, id) 
    values
        (?, ?, ?, ?, ?, ?, ?, ?, ?, default)
Hibernate: 
    insert 
    into
        rooms
        (amenities, available, capacity, description, hotel_id, image_url, price, room_number, type, id) 
    values
        (?, ?, ?, ?, ?, ?, ?, ?, ?, default)
2025-11-10 11:34:47 - org.hibernate.SQL - 
    insert 
    into
        rooms
        (amenities, available, capacity, description, hotel_id, image_url, price, room_number, type, id) 
    values
        (?, ?, ?, ?, ?, ?, ?, ?, ?, default)
Hibernate: 
    insert 
    into
        rooms
        (amenities, available, capacity, description, hotel_id, image_url, price, room_number, type, id) 
    values
        (?, ?, ?, ?, ?, ?, ?, ?, ?, default)
2025-11-10 11:34:47 - org.hibernate.SQL - 
    insert 
    into
        rooms
        (amenities, available, capacity, description, hotel_id, image_url, price, room_number, type, id) 
    values
        (?, ?, ?, ?, ?, ?, ?, ?, ?, default)
Hibernate: 
    insert 
    into
        rooms
        (amenities, available, capacity, description, hotel_id, image_url, price, room_number, type, id) 
    values
        (?, ?, ?, ?, ?, ?, ?, ?, ?, default)
2025-11-10 11:34:47 - com.hotel.config.DataInitializer - Creating rooms for hotel: Tech Tower Hotel
2025-11-10 11:34:47 - org.hibernate.SQL - 
    insert 
    into
        rooms
        (amenities, available, capacity, description, hotel_id, image_url, price, room_number, type, id) 
    values
        (?, ?, ?, ?, ?, ?, ?, ?, ?, default)
Hibernate: 
    insert 
    into
        rooms
        (amenities, available, capacity, description, hotel_id, image_url, price, room_number, type, id) 
    values
        (?, ?, ?, ?, ?, ?, ?, ?, ?, default)
2025-11-10 11:34:47 - org.hibernate.SQL - 
    insert 
    into
        rooms
        (amenities, available, capacity, description, hotel_id, image_url, price, room_number, type, id) 
    values
        (?, ?, ?, ?, ?, ?, ?, ?, ?, default)
Hibernate: 
    insert 
    into
        rooms
        (amenities, available, capacity, description, hotel_id, image_url, price, room_number, type, id) 
    values
        (?, ?, ?, ?, ?, ?, ?, ?, ?, default)
2025-11-10 11:34:47 - org.hibernate.SQL - 
    insert 
    into
        rooms
        (amenities, available, capacity, description, hotel_id, image_url, price, room_number, type, id) 
    values
        (?, ?, ?, ?, ?, ?, ?, ?, ?, default)
Hibernate: 
    insert 
    into
        rooms
        (amenities, available, capacity, description, hotel_id, image_url, price, room_number, type, id) 
    values
        (?, ?, ?, ?, ?, ?, ?, ?, ?, default)
2025-11-10 11:34:47 - com.hotel.config.DataInitializer - Creating rooms for hotel: Serenity Retreat
2025-11-10 11:34:47 - org.hibernate.SQL - 
    insert 
    into
        rooms
        (amenities, available, capacity, description, hotel_id, image_url, price, room_number, type, id) 
    values
        (?, ?, ?, ?, ?, ?, ?, ?, ?, default)
Hibernate: 
    insert 
    into
        rooms
        (amenities, available, capacity, description, hotel_id, image_url, price, room_number, type, id) 
    values
        (?, ?, ?, ?, ?, ?, ?, ?, ?, default)
2025-11-10 11:34:47 - org.hibernate.SQL - 
    insert 
    into
        rooms
        (amenities, available, capacity, description, hotel_id, image_url, price, room_number, type, id) 
    values
        (?, ?, ?, ?, ?, ?, ?, ?, ?, default)
Hibernate: 
    insert 
    into
        rooms
        (amenities, available, capacity, description, hotel_id, image_url, price, room_number, type, id) 
    values
        (?, ?, ?, ?, ?, ?, ?, ?, ?, default)
2025-11-10 11:34:47 - org.hibernate.SQL - 
    insert 
    into
        rooms
        (amenities, available, capacity, description, hotel_id, image_url, price, room_number, type, id) 
    values
        (?, ?, ?, ?, ?, ?, ?, ?, ?, default)
Hibernate: 
    insert 
    into
        rooms
        (amenities, available, capacity, description, hotel_id, image_url, price, room_number, type, id) 
    values
        (?, ?, ?, ?, ?, ?, ?, ?, ?, default)
2025-11-10 11:34:47 - com.hotel.config.DataInitializer - Creating rooms for hotel: Family Fun Resort
2025-11-10 11:34:47 - org.hibernate.SQL - 
    insert 
    into
        rooms
        (amenities, available, capacity, description, hotel_id, image_url, price, room_number, type, id) 
    values
        (?, ?, ?, ?, ?, ?, ?, ?, ?, default)
Hibernate: 
    insert 
    into
        rooms
        (amenities, available, capacity, description, hotel_id, image_url, price, room_number, type, id) 
    values
        (?, ?, ?, ?, ?, ?, ?, ?, ?, default)
2025-11-10 11:34:47 - org.hibernate.SQL - 
    insert 
    into
        rooms
        (amenities, available, capacity, description, hotel_id, image_url, price, room_number, type, id) 
    values
        (?, ?, ?, ?, ?, ?, ?, ?, ?, default)
Hibernate: 
    insert 
    into
        rooms
        (amenities, available, capacity, description, hotel_id, image_url, price, room_number, type, id) 
    values
        (?, ?, ?, ?, ?, ?, ?, ?, ?, default)
2025-11-10 11:34:47 - org.hibernate.SQL - 
    insert 
    into
        rooms
        (amenities, available, capacity, description, hotel_id, image_url, price, room_number, type, id) 
    values
        (?, ?, ?, ?, ?, ?, ?, ?, ?, default)
Hibernate: 
    insert 
    into
        rooms
        (amenities, available, capacity, description, hotel_id, image_url, price, room_number, type, id) 
    values
        (?, ?, ?, ?, ?, ?, ?, ?, ?, default)
2025-11-10 11:34:47 - com.hotel.config.DataInitializer - Successfully created rooms for all hotels
2025-11-10 11:34:47 - com.hotel.config.DataInitializer - === DataInitializer completed ===
2025-11-10 11:34:47 - org.hibernate.SQL - 
    select
        count(*) 
    from
        users u1_0
Hibernate: 
    select
        count(*) 
    from
        users u1_0
2025-11-10 11:34:47 - com.hotel.config.DataInitializer - Total users: 3
2025-11-10 11:34:47 - org.hibernate.SQL - 
    select
        count(*) 
    from
        hotels h1_0
Hibernate: 
    select
        count(*) 
    from
        hotels h1_0
2025-11-10 11:34:47 - com.hotel.config.DataInitializer - Total hotels: 10
2025-11-10 11:34:47 - org.hibernate.SQL - 
    select
        count(*) 
    from
        rooms r1_0
Hibernate: 
    select
        count(*) 
    from
        rooms r1_0
2025-11-10 11:34:47 - com.hotel.config.DataInitializer - Total rooms: 30
]]></system-out>
  </testcase>
  <testcase name="applicationStarts" classname="com.hotel.SmokeTest" time="0.004"/>
  <testcase name="contextLoads" classname="com.hotel.SmokeTest" time="0.004"/>
</testsuite>